<?xml version="1.0" encoding="UTF-8"?>
<!-- Generated by org.testng.reporters.JUnitReportReporter -->
<testsuite hostname="EC2AMAZ-S11DBRH" failures="0" tests="2" name="testscripts.Search" time="0.765" errors="0" timestamp="2023-08-22T07:58:45 GMT" skipped="0">
  <testcase classname="testscripts.Search" name="searchItem" time="0.509"/>
  <system-out/>
  <testcase classname="testscripts.Search" name="addItemToCart" time="0.256"/>
  <system-out/>
</testsuite> <!-- testscripts.Search -->
